Arguments: 
  /snap/node/5485/bin/node /snap/node/5485/bin/yarn.js add @mui/material/Box

PATH: 
  /home/techmanager/.local/bin:/usr/local/sbin:/usr/local/bin:/usr/sbin:/usr/bin:/sbin:/bin:/usr/games:/usr/local/games:/snap/bin

Yarn version: 
  1.22.15

Node version: 
  14.18.1

Platform: 
  linux x64

Trace: 
  Error: https://registry.yarnpkg.com/@mui%2fmaterial/Box: Request "https://registry.yarnpkg.com/@mui%2fmaterial/Box" returned a 405
      at Request.params.callback [as _callback] (/snap/node/5485/lib/cli.js:67040:18)
      at Request.self.callback (/snap/node/5485/lib/cli.js:140885:22)
      at Request.emit (events.js:400:28)
      at Request.<anonymous> (/snap/node/5485/lib/cli.js:141857:10)
      at Request.emit (events.js:400:28)
      at IncomingMessage.<anonymous> (/snap/node/5485/lib/cli.js:141779:12)
      at Object.onceWrapper (events.js:519:28)
      at IncomingMessage.emit (events.js:412:35)
      at endReadableNT (internal/streams/readable.js:1334:12)
      at processTicksAndRejections (internal/process/task_queues.js:82:21)

npm manifest: 
  {
    "name": "bavardage",
    "version": "0.1.0",
    "private": true,
    "proxy": "http://0.0.0.0:5000",
    "dependencies": {
      "@fontsource/cooper-hewitt": "^4.5.0",
      "@material-ui/core": "^4.12.3",
      "@material-ui/icons": "^4.11.2",
      "@testing-library/jest-dom": "^5.14.1",
      "@testing-library/react": "^11.2.7",
      "@testing-library/user-event": "^12.8.3",
      "react": "^17.0.2",
      "react-dom": "^17.0.2",
      "react-router-dom": "^5.3.0",
      "react-scripts": "4.0.3",
      "socket.io-client": "^4.3.2",
      "web-vitals": "^1.1.2"
    },
    "scripts": {
      "start": "react-scripts start",
      "build": "react-scripts build",
      "test": "react-scripts test",
      "eject": "react-scripts eject"
    },
    "eslintConfig": {
      "extends": [
        "react-app",
        "react-app/jest"
      ]
    },
    "browserslist": {
      "production": [
        ">0.2%",
        "not dead",
        "not op_mini all"
      ],
      "development": [
        "last 1 chrome version",
        "last 1 firefox version",
        "last 1 safari version"
      ]
    }
  }

yarn manifest: 
  No manifest

Lockfile: 
  No lockfile
